<?xml version="1.0" encoding="UTF-8"?>
<!-- Generated by org.testng.reporters.JUnitReportReporter -->
<testsuite hostname="DESKTOP-09PG6GI" failures="0" tests="1" name="Basic.TiraTest" time="6.809" errors="0" timestamp="2024-01-18T09:58:15 IST" skipped="0">
  <testcase classname="Basic.TiraTest" name="PerfumeTest" time="6.809"/>
  <system-out/>
</testsuite> <!-- Basic.TiraTest -->
