<?xml version="1.0" encoding="UTF-8"?>
<!-- Generated by org.testng.reporters.JUnitReportReporter -->
<testsuite hostname="DESKTOP-09PG6GI" failures="0" tests="1" name="Basic.MyntraTest" time="5.371" errors="0" timestamp="2024-01-18T11:13:16 IST" skipped="0">
  <testcase classname="Basic.MyntraTest" name="LaunchTest" time="5.371"/>
  <system-out/>
</testsuite> <!-- Basic.MyntraTest -->
